<?xml version="1.0" encoding="UTF-8"?>
<!-- Generated by org.testng.reporters.JUnitReportReporter -->
<testsuite skipped="0" hostname="WAUC02S10KWG8WL" name="SignInTest" tests="2" failures="0" timestamp="16 Dec 2017 04:02:21 GMT" time="44.039" errors="0">
  <testcase name="testSignIn" time="18.805" classname="SignInTest"/>
  <testcase name="testSignInAfterProductSearch" time="25.234" classname="SignInTest"/>
</testsuite> <!-- SignInTest -->
