<?xml version="1.0" encoding="UTF-8"?>
<!-- Generated by org.testng.reporters.JUnitReportReporter -->
<testsuite skipped="0" hostname="WAUC02S10KWG8WL" name="SearchTest" tests="2" failures="0" timestamp="16 Dec 2017 04:02:21 GMT" time="36.279" errors="0">
  <testcase name="testAutorizedUsersSearch" time="21.489" classname="SearchTest"/>
  <testcase name="testSearch" time="14.790" classname="SearchTest"/>
</testsuite> <!-- SearchTest -->
